2021-12-01 18:14:06,838 Error finding msft rewards button
2021-12-01 18:14:07,014 Error finding msft rewards button
2021-12-01 18:14:13,066 Error finding the area in rewards extension
2021-12-01 18:14:17,393 Error finding avd manager
2021-12-01 18:14:17,538 Error finding avd manager
2021-12-01 18:14:20,194 Error finding avd manager
2021-12-01 18:14:22,853 Error finding avd manager
2021-12-01 18:14:29,890 Error finding power button on phone vm
2021-12-01 18:14:30,042 Error finding power button on phone vm
2021-12-01 18:14:32,703 Error finding power button on phone vm
2021-12-01 18:14:39,820 Error finding the chrome app on vm
2021-12-01 18:14:43,509 Error finding the search area after you click on rewards link
2021-12-01 18:14:43,658 Error finding the search area after you click on rewards link
2021-12-01 18:14:46,322 Error finding the search area after you click on rewards link
2021-12-01 18:14:53,154 Error finding the 'x' that appears after clicking on search box
2021-12-01 18:14:55,722 Error finding the 'x' that appears after clicking on search box
2021-12-01 18:18:12,645 Error finding msft rewards button
2021-12-01 18:18:12,833 Error finding msft rewards button
2021-12-01 18:18:20,604 Error finding avd manager
2021-12-01 18:18:20,753 Error finding avd manager
2021-12-01 18:18:23,410 Error finding avd manager
2021-12-01 18:18:26,063 Error finding avd manager
2021-12-01 18:18:33,086 Error finding power button on phone vm
2021-12-01 18:18:33,242 Error finding power button on phone vm
2021-12-01 18:18:35,910 Error finding power button on phone vm
2021-12-01 18:18:42,939 Error finding the chrome app on vm
2021-12-01 18:18:46,580 Error finding the search area after you click on rewards link
2021-12-01 18:18:46,711 Error finding the search area after you click on rewards link
2021-12-01 18:18:49,356 Error finding the search area after you click on rewards link
2021-12-01 18:18:56,170 Error finding the 'x' that appears after clicking on search box
2021-12-01 18:18:57,065 Error finding the search area after you click on rewards link
2021-12-01 18:18:57,197 Error finding the search area after you click on rewards link
2021-12-01 18:18:59,847 Error finding the search area after you click on rewards link
2021-12-01 18:19:02,493 Error finding the search area after you click on rewards link
2021-12-01 18:19:05,152 Error finding the search area after you click on rewards link
2021-12-01 18:19:11,981 Error finding the 'x' that appears after clicking on search box
2021-12-01 18:19:17,055 Error finding msft rewards button
